20:46:13: XMLMeshSerializer reading mesh data from /home/linda/L3/git/projet/MonBowling/media/models/catLane/Plane.007.mesh.xml...
20:46:13: Reading geometry...
20:46:14: Geometry done...
20:46:14: Reading submeshes...
20:46:15: Submeshes done.
20:46:15: Reading mesh names...
20:46:15: Mesh names done.
20:46:15: XMLMeshSerializer import successful.
20:46:15: MeshSerializer writing mesh data to stream /home/linda/L3/git/projet/MonBowling/media/models/catLane/Plane.007.mesh...
20:46:15: File header written.
20:46:15: Writing mesh data...
20:46:15: Writing submesh...
20:46:15: Submesh exported.
20:46:15: Writing submesh...
20:46:15: Submesh exported.
20:46:15: Writing submesh...
20:46:15: Submesh exported.
20:46:15: Writing submesh...
20:46:15: Submesh exported.
20:46:15: Writing submesh...
20:46:15: Submesh exported.
20:46:15: Writing submesh...
20:46:15: Submesh exported.
20:46:15: Writing submesh...
20:46:15: Submesh exported.
20:46:15: Exporting bounds information....
20:46:15: Bounds information exported.
20:46:15: Exporting submesh name table...
20:46:15: Submesh name table exported.
20:46:15: Mesh data exported.
20:46:15: MeshSerializer export successful.
