17:30:59: XMLMeshSerializer reading mesh data from /home/linda/L3/Dev/MonBowling/media/models/bowlingClub/Mesh.004.mesh.xml...
17:31:06: Reading geometry...
17:31:15: Geometry done...
17:31:15: Reading submeshes...
17:31:19: Submeshes done.
17:31:19: Reading mesh names...
17:31:19: Mesh names done.
17:31:19: XMLMeshSerializer import successful.
17:31:22: MeshSerializer writing mesh data to stream /home/linda/L3/Dev/MonBowling/media/models/bowlingClub/Mesh.004.mesh...
17:31:22: File header written.
17:31:22: Writing mesh data...
17:31:22: Writing submesh...
17:31:22: Submesh exported.
17:31:22: Writing submesh...
17:31:22: Submesh exported.
17:31:22: Writing submesh...
17:31:22: Submesh exported.
17:31:22: Writing submesh...
17:31:22: Submesh exported.
17:31:22: Writing submesh...
17:31:22: Submesh exported.
17:31:22: Writing submesh...
17:31:22: Submesh exported.
17:31:22: Writing submesh...
17:31:22: Submesh exported.
17:31:22: Writing submesh...
17:31:22: Submesh exported.
17:31:22: Writing submesh...
17:31:22: Submesh exported.
17:31:22: Writing submesh...
17:31:22: Submesh exported.
17:31:22: Writing submesh...
17:31:22: Submesh exported.
17:31:22: Writing submesh...
17:31:22: Submesh exported.
17:31:22: Writing submesh...
17:31:22: Submesh exported.
17:31:22: Writing submesh...
17:31:22: Submesh exported.
17:31:22: Writing submesh...
17:31:22: Submesh exported.
17:31:22: Writing submesh...
17:31:22: Submesh exported.
17:31:22: Exporting bounds information....
17:31:22: Bounds information exported.
17:31:22: Exporting submesh name table...
17:31:22: Submesh name table exported.
17:31:22: Mesh data exported.
17:31:22: MeshSerializer export successful.
