14:51:07: XMLMeshSerializer reading mesh data from /home/linda/L3/bowling-pin/source/pinMesh/BezierCurve.001.mesh.xml...
14:51:07: Reading geometry...
14:51:07: Geometry done...
14:51:07: Reading submeshes...
14:51:07: Submeshes done.
14:51:07: Reading mesh names...
14:51:07: Mesh names done.
14:51:07: XMLMeshSerializer import successful.
14:51:07: MeshSerializer writing mesh data to stream /home/linda/L3/bowling-pin/source/pinMesh/BezierCurve.001.mesh...
14:51:07: File header written.
14:51:07: Writing mesh data...
14:51:07: Writing submesh...
14:51:07: Submesh exported.
14:51:07: Writing submesh...
14:51:07: Submesh exported.
14:51:07: Exporting bounds information....
14:51:07: Bounds information exported.
14:51:07: Exporting submesh name table...
14:51:07: Submesh name table exported.
14:51:07: Mesh data exported.
14:51:07: MeshSerializer export successful.
