00:27:39: XMLMeshSerializer reading mesh data from /home/linda/git/projet/MonBowling/media/models/crazyLaneMesh/Bowling_Ball_5.mesh.xml...
00:27:39: Reading geometry...
00:27:40: Geometry done...
00:27:40: Reading submeshes...
00:27:40: Submeshes done.
00:27:40: Reading mesh names...
00:27:40: Mesh names done.
00:27:40: XMLMeshSerializer import successful.
00:27:40: MeshSerializer writing mesh data to stream /home/linda/git/projet/MonBowling/media/models/crazyLaneMesh/Bowling_Ball_5.mesh...
00:27:40: File header written.
00:27:40: Writing mesh data...
00:27:40: Writing submesh...
00:27:40: Submesh exported.
00:27:40: Writing submesh...
00:27:40: Submesh exported.
00:27:40: Writing submesh...
00:27:40: Submesh exported.
00:27:40: Writing submesh...
00:27:40: Submesh exported.
00:27:40: Writing submesh...
00:27:40: Submesh exported.
00:27:40: Writing submesh...
00:27:40: Submesh exported.
00:27:40: Writing submesh...
00:27:40: Submesh exported.
00:27:40: Writing submesh...
00:27:40: Submesh exported.
00:27:40: Writing submesh...
00:27:40: Submesh exported.
00:27:40: Writing submesh...
00:27:40: Submesh exported.
00:27:40: Writing submesh...
00:27:40: Submesh exported.
00:27:40: Writing submesh...
00:27:40: Submesh exported.
00:27:40: Writing submesh...
00:27:40: Submesh exported.
00:27:40: Writing submesh...
00:27:40: Submesh exported.
00:27:40: Writing submesh...
00:27:40: Submesh exported.
00:27:40: Writing submesh...
00:27:40: Submesh exported.
00:27:40: Writing submesh...
00:27:40: Submesh exported.
00:27:40: Writing submesh...
00:27:40: Submesh exported.
00:27:40: Writing submesh...
00:27:40: Submesh exported.
00:27:40: Writing submesh...
00:27:40: Submesh exported.
00:27:40: Writing submesh...
00:27:40: Submesh exported.
00:27:40: Writing submesh...
00:27:40: Submesh exported.
00:27:40: Writing submesh...
00:27:40: Submesh exported.
00:27:40: Writing submesh...
00:27:40: Submesh exported.
00:27:40: Exporting bounds information....
00:27:40: Bounds information exported.
00:27:40: Exporting submesh name table...
00:27:40: Submesh name table exported.
00:27:40: Mesh data exported.
00:27:40: MeshSerializer export successful.
