23:06:18: XMLMeshSerializer reading mesh data from /home/linda/Téléchargements/bowling+piola/laneMeshPiola/ID990.mesh.xml...
23:06:21: Reading geometry...
23:06:26: Geometry done...
23:06:26: Reading submeshes...
23:06:27: Submeshes done.
23:06:27: Reading mesh names...
23:06:27: Mesh names done.
23:06:27: XMLMeshSerializer import successful.
23:06:27: MeshSerializer writing mesh data to stream /home/linda/Téléchargements/bowling+piola/laneMeshPiola/ID990.mesh...
23:06:27: File header written.
23:06:27: Writing mesh data...
23:06:27: Writing submesh...
23:06:27: Submesh exported.
23:06:27: Writing submesh...
23:06:27: Submesh exported.
23:06:27: Writing submesh...
23:06:27: Submesh exported.
23:06:27: Writing submesh...
23:06:27: Submesh exported.
23:06:27: Writing submesh...
23:06:27: Submesh exported.
23:06:27: Writing submesh...
23:06:27: Submesh exported.
23:06:27: Writing submesh...
23:06:27: Submesh exported.
23:06:27: Writing submesh...
23:06:27: Submesh exported.
23:06:27: Writing submesh...
23:06:27: Submesh exported.
23:06:27: Writing submesh...
23:06:27: Submesh exported.
23:06:27: Writing submesh...
23:06:27: Submesh exported.
23:06:27: Writing submesh...
23:06:27: Submesh exported.
23:06:27: Writing submesh...
23:06:27: Submesh exported.
23:06:27: Writing submesh...
23:06:27: Submesh exported.
23:06:27: Writing submesh...
23:06:27: Submesh exported.
23:06:27: Writing submesh...
23:06:27: Submesh exported.
23:06:27: Writing submesh...
23:06:27: Submesh exported.
23:06:27: Writing submesh...
23:06:27: Submesh exported.
23:06:27: Writing submesh...
23:06:27: Submesh exported.
23:06:27: Writing submesh...
23:06:27: Submesh exported.
23:06:27: Writing submesh...
23:06:27: Submesh exported.
23:06:27: Writing submesh...
23:06:27: Submesh exported.
23:06:27: Exporting bounds information....
23:06:27: Bounds information exported.
23:06:27: Exporting submesh name table...
23:06:27: Submesh name table exported.
23:06:27: Mesh data exported.
23:06:27: MeshSerializer export successful.
