01:16:29: XMLMeshSerializer reading mesh data from /home/linda/L3/git/projet/MonBowling/media/models/mesh/BezierCurve.001.mesh.xml...
01:16:29: Reading geometry...
01:16:29: Geometry done...
01:16:29: Reading submeshes...
01:16:29: Submeshes done.
01:16:29: Reading mesh names...
01:16:29: Mesh names done.
01:16:29: XMLMeshSerializer import successful.
01:16:29: MeshSerializer writing mesh data to stream /home/linda/L3/git/projet/MonBowling/media/models/mesh/BezierCurve.001.mesh...
01:16:29: File header written.
01:16:29: Writing mesh data...
01:16:29: Writing submesh...
01:16:29: Submesh exported.
01:16:29: Writing submesh...
01:16:29: Submesh exported.
01:16:29: Exporting bounds information....
01:16:29: Bounds information exported.
01:16:29: Exporting submesh name table...
01:16:29: Submesh name table exported.
01:16:29: Mesh data exported.
01:16:29: MeshSerializer export successful.
