20:05:35: XMLMeshSerializer reading mesh data from /home/linda/L3/git/projet/MonBowling/media/models/venue/sky.mesh.xml...
20:05:35: Reading geometry...
20:05:35: Geometry done...
20:05:35: Reading submeshes...
20:05:35: Submeshes done.
20:05:35: Reading mesh names...
20:05:35: Mesh names done.
20:05:35: XMLMeshSerializer import successful.
20:05:35: MeshSerializer writing mesh data to stream /home/linda/L3/git/projet/MonBowling/media/models/venue/sky.mesh...
20:05:35: File header written.
20:05:35: Writing mesh data...
20:05:35: Writing submesh...
20:05:35: Submesh exported.
20:05:35: Writing submesh...
20:05:35: Submesh exported.
20:05:35: Writing submesh...
20:05:35: Submesh exported.
20:05:35: Writing submesh...
20:05:35: Submesh exported.
20:05:35: Writing submesh...
20:05:35: Submesh exported.
20:05:35: Writing submesh...
20:05:35: Submesh exported.
20:05:35: Writing submesh...
20:05:35: Submesh exported.
20:05:35: Writing submesh...
20:05:35: Submesh exported.
20:05:35: Writing submesh...
20:05:35: Submesh exported.
20:05:35: Writing submesh...
20:05:35: Submesh exported.
20:05:35: Writing submesh...
20:05:35: Submesh exported.
20:05:35: Writing submesh...
20:05:35: Submesh exported.
20:05:35: Writing submesh...
20:05:35: Submesh exported.
20:05:35: Writing submesh...
20:05:35: Submesh exported.
20:05:35: Writing submesh...
20:05:35: Submesh exported.
20:05:35: Writing submesh...
20:05:35: Submesh exported.
20:05:35: Writing submesh...
20:05:35: Submesh exported.
20:05:35: Writing submesh...
20:05:35: Submesh exported.
20:05:35: Writing submesh...
20:05:35: Submesh exported.
20:05:35: Writing submesh...
20:05:35: Submesh exported.
20:05:35: Writing submesh...
20:05:35: Submesh exported.
20:05:35: Writing submesh...
20:05:35: Submesh exported.
20:05:35: Writing submesh...
20:05:35: Submesh exported.
20:05:35: Writing submesh...
20:05:35: Submesh exported.
20:05:35: Writing submesh...
20:05:35: Submesh exported.
20:05:35: Writing submesh...
20:05:35: Submesh exported.
20:05:35: Writing submesh...
20:05:35: Submesh exported.
20:05:35: Writing submesh...
20:05:35: Submesh exported.
20:05:35: Writing submesh...
20:05:35: Submesh exported.
20:05:35: Writing submesh...
20:05:35: Submesh exported.
20:05:35: Writing submesh...
20:05:35: Submesh exported.
20:05:35: Writing submesh...
20:05:35: Submesh exported.
20:05:35: Writing submesh...
20:05:35: Submesh exported.
20:05:35: Exporting bounds information....
20:05:35: Bounds information exported.
20:05:35: Exporting submesh name table...
20:05:35: Submesh name table exported.
20:05:35: Mesh data exported.
20:05:35: MeshSerializer export successful.
