16:50:44: XMLMeshSerializer reading mesh data from /home/linda/L3/Dev/MonBowling/media/models/bowlingGame/defaultMaterial.226.mesh.xml...
16:50:45: Reading geometry...
16:50:45: Geometry done...
16:50:45: Reading submeshes...
16:50:45: Submeshes done.
16:50:45: Reading mesh names...
16:50:45: Mesh names done.
16:50:45: XMLMeshSerializer import successful.
16:50:45: MeshSerializer writing mesh data to stream /home/linda/L3/Dev/MonBowling/media/models/bowlingGame/defaultMaterial.226.mesh...
16:50:45: File header written.
16:50:45: Writing mesh data...
16:50:45: Writing submesh...
16:50:45: Submesh exported.
16:50:45: Writing submesh...
16:50:45: Submesh exported.
16:50:45: Writing submesh...
16:50:45: Submesh exported.
16:50:45: Writing submesh...
16:50:45: Submesh exported.
16:50:45: Writing submesh...
16:50:45: Submesh exported.
16:50:45: Writing submesh...
16:50:45: Submesh exported.
16:50:45: Writing submesh...
16:50:45: Submesh exported.
16:50:45: Writing submesh...
16:50:45: Submesh exported.
16:50:45: Writing submesh...
16:50:45: Submesh exported.
16:50:45: Writing submesh...
16:50:45: Submesh exported.
16:50:45: Writing submesh...
16:50:45: Submesh exported.
16:50:45: Writing submesh...
16:50:45: Submesh exported.
16:50:45: Writing submesh...
16:50:45: Submesh exported.
16:50:45: Writing submesh...
16:50:45: Submesh exported.
16:50:45: Writing submesh...
16:50:45: Submesh exported.
16:50:45: Writing submesh...
16:50:45: Submesh exported.
16:50:45: Writing submesh...
16:50:45: Submesh exported.
16:50:45: Writing submesh...
16:50:45: Submesh exported.
16:50:45: Exporting bounds information....
16:50:45: Bounds information exported.
16:50:45: Exporting submesh name table...
16:50:45: Submesh name table exported.
16:50:45: Mesh data exported.
16:50:45: MeshSerializer export successful.
