23:50:29: XMLMeshSerializer reading mesh data from /home/linda/Téléchargements/bowling-map-adds-for-garrys-mod/laneMesh/polygon8.mesh.xml...
23:50:29: Reading geometry...
23:50:29: Geometry done...
23:50:29: Reading submeshes...
23:50:29: Submeshes done.
23:50:29: Reading mesh names...
23:50:29: Mesh names done.
23:50:29: XMLMeshSerializer import successful.
23:50:29: MeshSerializer writing mesh data to stream /home/linda/Téléchargements/bowling-map-adds-for-garrys-mod/laneMesh/polygon8.mesh...
23:50:29: File header written.
23:50:29: Writing mesh data...
23:50:29: Writing submesh...
23:50:29: Submesh exported.
23:50:29: Writing submesh...
23:50:29: Submesh exported.
23:50:29: Writing submesh...
23:50:29: Submesh exported.
23:50:29: Writing submesh...
23:50:29: Submesh exported.
23:50:29: Writing submesh...
23:50:29: Submesh exported.
23:50:29: Writing submesh...
23:50:29: Submesh exported.
23:50:29: Writing submesh...
23:50:29: Submesh exported.
23:50:29: Writing submesh...
23:50:29: Submesh exported.
23:50:29: Writing submesh...
23:50:29: Submesh exported.
23:50:29: Writing submesh...
23:50:29: Submesh exported.
23:50:29: Writing submesh...
23:50:29: Submesh exported.
23:50:29: Writing submesh...
23:50:29: Submesh exported.
23:50:29: Writing submesh...
23:50:29: Submesh exported.
23:50:29: Writing submesh...
23:50:29: Submesh exported.
23:50:29: Writing submesh...
23:50:29: Submesh exported.
23:50:29: Writing submesh...
23:50:29: Submesh exported.
23:50:29: Writing submesh...
23:50:29: Submesh exported.
23:50:29: Writing submesh...
23:50:29: Submesh exported.
23:50:29: Writing submesh...
23:50:29: Submesh exported.
23:50:29: Writing submesh...
23:50:29: Submesh exported.
23:50:29: Writing submesh...
23:50:29: Submesh exported.
23:50:29: Exporting bounds information....
23:50:29: Bounds information exported.
23:50:29: Exporting submesh name table...
23:50:29: Submesh name table exported.
23:50:29: Mesh data exported.
23:50:29: MeshSerializer export successful.
